<?xml version="1.0" encoding="UTF-8"?>
<!-- Generated by org.testng.reporters.JUnitReportReporter -->
<testsuite hostname="Admin-HP" name="testpack.TestNGDemo" tests="4" failures="0" timestamp="30 May 2019 03:04:22 GMT" time="0.063" errors="0">
  <testcase name="f" time="0.032" classname="testpack.TestNGDemo"/>
  <testcase name="f" time="0.016" classname="testpack.TestNGDemo"/>
  <testcase name="f" time="0.015" classname="testpack.TestNGDemo"/>
  <testcase name="f" time="0.000" classname="testpack.TestNGDemo"/>
</testsuite> <!-- testpack.TestNGDemo -->
